CRITICAL - 2021-08-05 16:57:44 --> The framework needs the following extension(s) installed and loaded: intl.
#0 C:\xampp\htdocs\test\system\CodeIgniter.php(228): CodeIgniter\Exceptions\FrameworkException::forMissingExtension('intl')
#1 C:\xampp\htdocs\test\system\CodeIgniter.php(180): CodeIgniter\CodeIgniter->resolvePlatformExtensions()
#2 C:\xampp\htdocs\test\system\bootstrap.php(157): CodeIgniter\CodeIgniter->initialize()
#3 C:\xampp\htdocs\test\public\index.php(28): require('C:\\xampp\\htdocs...')
#4 {main}
CRITICAL - 2021-08-05 16:58:12 --> The framework needs the following extension(s) installed and loaded: intl.
#0 C:\xampp\htdocs\test\system\CodeIgniter.php(228): CodeIgniter\Exceptions\FrameworkException::forMissingExtension('intl')
#1 C:\xampp\htdocs\test\system\CodeIgniter.php(180): CodeIgniter\CodeIgniter->resolvePlatformExtensions()
#2 C:\xampp\htdocs\test\system\bootstrap.php(157): CodeIgniter\CodeIgniter->initialize()
#3 C:\xampp\htdocs\test\public\index.php(28): require('C:\\xampp\\htdocs...')
#4 {main}
CRITICAL - 2021-08-05 16:58:22 --> The framework needs the following extension(s) installed and loaded: intl.
#0 C:\xampp\htdocs\test\system\CodeIgniter.php(228): CodeIgniter\Exceptions\FrameworkException::forMissingExtension('intl')
#1 C:\xampp\htdocs\test\system\CodeIgniter.php(180): CodeIgniter\CodeIgniter->resolvePlatformExtensions()
#2 C:\xampp\htdocs\test\system\bootstrap.php(157): CodeIgniter\CodeIgniter->initialize()
#3 C:\xampp\htdocs\test\public\index.php(28): require('C:\\xampp\\htdocs...')
#4 {main}
CRITICAL - 2021-08-05 16:58:26 --> The framework needs the following extension(s) installed and loaded: intl.
#0 C:\xampp\htdocs\test\system\CodeIgniter.php(228): CodeIgniter\Exceptions\FrameworkException::forMissingExtension('intl')
#1 C:\xampp\htdocs\test\system\CodeIgniter.php(180): CodeIgniter\CodeIgniter->resolvePlatformExtensions()
#2 C:\xampp\htdocs\test\system\bootstrap.php(157): CodeIgniter\CodeIgniter->initialize()
#3 C:\xampp\htdocs\test\public\index.php(28): require('C:\\xampp\\htdocs...')
#4 {main}
CRITICAL - 2021-08-05 17:05:19 --> The framework needs the following extension(s) installed and loaded: intl.
#0 C:\xampp\htdocs\test\system\CodeIgniter.php(228): CodeIgniter\Exceptions\FrameworkException::forMissingExtension('intl')
#1 C:\xampp\htdocs\test\system\CodeIgniter.php(180): CodeIgniter\CodeIgniter->resolvePlatformExtensions()
#2 C:\xampp\htdocs\test\system\bootstrap.php(157): CodeIgniter\CodeIgniter->initialize()
#3 C:\xampp\htdocs\test\public\index.php(28): require('C:\\xampp\\htdocs...')
#4 {main}
CRITICAL - 2021-08-05 17:07:10 --> The framework needs the following extension(s) installed and loaded: intl.
#0 C:\xampp\htdocs\test\system\CodeIgniter.php(228): CodeIgniter\Exceptions\FrameworkException::forMissingExtension('intl')
#1 C:\xampp\htdocs\test\system\CodeIgniter.php(180): CodeIgniter\CodeIgniter->resolvePlatformExtensions()
#2 C:\xampp\htdocs\test\system\bootstrap.php(157): CodeIgniter\CodeIgniter->initialize()
#3 C:\xampp\htdocs\test\public\index.php(28): require('C:\\xampp\\htdocs...')
#4 {main}
CRITICAL - 2021-08-05 17:07:16 --> The framework needs the following extension(s) installed and loaded: intl.
#0 C:\xampp\htdocs\test\system\CodeIgniter.php(228): CodeIgniter\Exceptions\FrameworkException::forMissingExtension('intl')
#1 C:\xampp\htdocs\test\system\CodeIgniter.php(180): CodeIgniter\CodeIgniter->resolvePlatformExtensions()
#2 C:\xampp\htdocs\test\system\bootstrap.php(157): CodeIgniter\CodeIgniter->initialize()
#3 C:\xampp\htdocs\test\public\index.php(28): require('C:\\xampp\\htdocs...')
#4 {main}
CRITICAL - 2021-08-05 17:09:19 --> The framework needs the following extension(s) installed and loaded: intl.
#0 C:\xampp\htdocs\test\system\CodeIgniter.php(228): CodeIgniter\Exceptions\FrameworkException::forMissingExtension('intl')
#1 C:\xampp\htdocs\test\system\CodeIgniter.php(180): CodeIgniter\CodeIgniter->resolvePlatformExtensions()
#2 C:\xampp\htdocs\test\system\bootstrap.php(157): CodeIgniter\CodeIgniter->initialize()
#3 C:\xampp\htdocs\test\public\index.php(28): require('C:\\xampp\\htdocs...')
#4 {main}
CRITICAL - 2021-08-05 17:09:28 --> The framework needs the following extension(s) installed and loaded: intl.
#0 C:\xampp\htdocs\test\system\CodeIgniter.php(228): CodeIgniter\Exceptions\FrameworkException::forMissingExtension('intl')
#1 C:\xampp\htdocs\test\system\CodeIgniter.php(180): CodeIgniter\CodeIgniter->resolvePlatformExtensions()
#2 C:\xampp\htdocs\test\system\bootstrap.php(157): CodeIgniter\CodeIgniter->initialize()
#3 C:\xampp\htdocs\test\public\index.php(28): require('C:\\xampp\\htdocs...')
#4 {main}
CRITICAL - 2021-08-05 17:09:33 --> The framework needs the following extension(s) installed and loaded: intl.
#0 C:\xampp\htdocs\test\system\CodeIgniter.php(228): CodeIgniter\Exceptions\FrameworkException::forMissingExtension('intl')
#1 C:\xampp\htdocs\test\system\CodeIgniter.php(180): CodeIgniter\CodeIgniter->resolvePlatformExtensions()
#2 C:\xampp\htdocs\test\system\bootstrap.php(157): CodeIgniter\CodeIgniter->initialize()
#3 C:\xampp\htdocs\test\public\index.php(28): require('C:\\xampp\\htdocs...')
#4 {main}
CRITICAL - 2021-08-05 17:09:47 --> The framework needs the following extension(s) installed and loaded: intl.
#0 C:\xampp\htdocs\test\system\CodeIgniter.php(228): CodeIgniter\Exceptions\FrameworkException::forMissingExtension('intl')
#1 C:\xampp\htdocs\test\system\CodeIgniter.php(180): CodeIgniter\CodeIgniter->resolvePlatformExtensions()
#2 C:\xampp\htdocs\test\system\bootstrap.php(157): CodeIgniter\CodeIgniter->initialize()
#3 C:\xampp\htdocs\test\public\index.php(28): require('C:\\xampp\\htdocs...')
#4 {main}
CRITICAL - 2021-08-05 17:11:14 --> The framework needs the following extension(s) installed and loaded: intl.
#0 C:\xampp\htdocs\test\system\CodeIgniter.php(228): CodeIgniter\Exceptions\FrameworkException::forMissingExtension('intl')
#1 C:\xampp\htdocs\test\system\CodeIgniter.php(180): CodeIgniter\CodeIgniter->resolvePlatformExtensions()
#2 C:\xampp\htdocs\test\system\bootstrap.php(157): CodeIgniter\CodeIgniter->initialize()
#3 C:\xampp\htdocs\test\public\index.php(28): require('C:\\xampp\\htdocs...')
#4 {main}
CRITICAL - 2021-08-05 17:19:34 --> The framework needs the following extension(s) installed and loaded: intl.
#0 C:\xampp\htdocs\test\system\CodeIgniter.php(228): CodeIgniter\Exceptions\FrameworkException::forMissingExtension('intl')
#1 C:\xampp\htdocs\test\system\CodeIgniter.php(180): CodeIgniter\CodeIgniter->resolvePlatformExtensions()
#2 C:\xampp\htdocs\test\system\bootstrap.php(157): CodeIgniter\CodeIgniter->initialize()
#3 C:\xampp\htdocs\test\public\index.php(28): require('C:\\xampp\\htdocs...')
#4 {main}
CRITICAL - 2021-08-05 17:19:48 --> The framework needs the following extension(s) installed and loaded: intl.
#0 C:\xampp\htdocs\test\system\CodeIgniter.php(228): CodeIgniter\Exceptions\FrameworkException::forMissingExtension('intl')
#1 C:\xampp\htdocs\test\system\CodeIgniter.php(180): CodeIgniter\CodeIgniter->resolvePlatformExtensions()
#2 C:\xampp\htdocs\test\system\bootstrap.php(157): CodeIgniter\CodeIgniter->initialize()
#3 C:\xampp\htdocs\test\public\index.php(28): require('C:\\xampp\\htdocs...')
#4 {main}
CRITICAL - 2021-08-05 17:20:01 --> The framework needs the following extension(s) installed and loaded: intl.
#0 C:\xampp\htdocs\test\system\CodeIgniter.php(228): CodeIgniter\Exceptions\FrameworkException::forMissingExtension('intl')
#1 C:\xampp\htdocs\test\system\CodeIgniter.php(180): CodeIgniter\CodeIgniter->resolvePlatformExtensions()
#2 C:\xampp\htdocs\test\system\bootstrap.php(157): CodeIgniter\CodeIgniter->initialize()
#3 C:\xampp\htdocs\test\public\index.php(28): require('C:\\xampp\\htdocs...')
#4 {main}
CRITICAL - 2021-08-05 17:21:14 --> The framework needs the following extension(s) installed and loaded: intl.
#0 C:\xampp\htdocs\test\system\CodeIgniter.php(228): CodeIgniter\Exceptions\FrameworkException::forMissingExtension('intl')
#1 C:\xampp\htdocs\test\system\CodeIgniter.php(180): CodeIgniter\CodeIgniter->resolvePlatformExtensions()
#2 C:\xampp\htdocs\test\system\bootstrap.php(157): CodeIgniter\CodeIgniter->initialize()
#3 C:\xampp\htdocs\test\public\index.php(28): require('C:\\xampp\\htdocs...')
#4 {main}
CRITICAL - 2021-08-05 17:21:23 --> The framework needs the following extension(s) installed and loaded: intl.
#0 C:\xampp\htdocs\test\system\CodeIgniter.php(228): CodeIgniter\Exceptions\FrameworkException::forMissingExtension('intl')
#1 C:\xampp\htdocs\test\system\CodeIgniter.php(180): CodeIgniter\CodeIgniter->resolvePlatformExtensions()
#2 C:\xampp\htdocs\test\system\bootstrap.php(157): CodeIgniter\CodeIgniter->initialize()
#3 C:\xampp\htdocs\test\public\index.php(28): require('C:\\xampp\\htdocs...')
#4 {main}
CRITICAL - 2021-08-05 17:21:31 --> The framework needs the following extension(s) installed and loaded: intl.
#0 C:\xampp\htdocs\test\system\CodeIgniter.php(228): CodeIgniter\Exceptions\FrameworkException::forMissingExtension('intl')
#1 C:\xampp\htdocs\test\system\CodeIgniter.php(180): CodeIgniter\CodeIgniter->resolvePlatformExtensions()
#2 C:\xampp\htdocs\test\system\bootstrap.php(157): CodeIgniter\CodeIgniter->initialize()
#3 C:\xampp\htdocs\test\public\index.php(28): require('C:\\xampp\\htdocs...')
#4 {main}
CRITICAL - 2021-08-05 17:24:18 --> The framework needs the following extension(s) installed and loaded: intl.
#0 C:\xampp\htdocs\test\system\CodeIgniter.php(228): CodeIgniter\Exceptions\FrameworkException::forMissingExtension('intl')
#1 C:\xampp\htdocs\test\system\CodeIgniter.php(180): CodeIgniter\CodeIgniter->resolvePlatformExtensions()
#2 C:\xampp\htdocs\test\system\bootstrap.php(157): CodeIgniter\CodeIgniter->initialize()
#3 C:\xampp\htdocs\test\public\index.php(28): require('C:\\xampp\\htdocs...')
#4 {main}
CRITICAL - 2021-08-05 17:24:36 --> The framework needs the following extension(s) installed and loaded: intl.
#0 C:\xampp\htdocs\test\system\CodeIgniter.php(228): CodeIgniter\Exceptions\FrameworkException::forMissingExtension('intl')
#1 C:\xampp\htdocs\test\system\CodeIgniter.php(180): CodeIgniter\CodeIgniter->resolvePlatformExtensions()
#2 C:\xampp\htdocs\test\system\bootstrap.php(157): CodeIgniter\CodeIgniter->initialize()
#3 C:\xampp\htdocs\test\public\index.php(28): require('C:\\xampp\\htdocs...')
#4 {main}
CRITICAL - 2021-08-05 17:24:37 --> The framework needs the following extension(s) installed and loaded: intl.
#0 C:\xampp\htdocs\test\system\CodeIgniter.php(228): CodeIgniter\Exceptions\FrameworkException::forMissingExtension('intl')
#1 C:\xampp\htdocs\test\system\CodeIgniter.php(180): CodeIgniter\CodeIgniter->resolvePlatformExtensions()
#2 C:\xampp\htdocs\test\system\bootstrap.php(157): CodeIgniter\CodeIgniter->initialize()
#3 C:\xampp\htdocs\test\public\index.php(28): require('C:\\xampp\\htdocs...')
#4 {main}
CRITICAL - 2021-08-05 15:26:18 --> The framework needs the following extension(s) installed and loaded: curl, intl, mbstring.
#0 C:\xampp\htdocs\test\system\CodeIgniter.php(228): CodeIgniter\Exceptions\FrameworkException::forMissingExtension('curl, intl, mbs...')
#1 C:\xampp\htdocs\test\system\CodeIgniter.php(180): CodeIgniter\CodeIgniter->resolvePlatformExtensions()
#2 C:\xampp\htdocs\test\system\bootstrap.php(157): CodeIgniter\CodeIgniter->initialize()
#3 C:\xampp\htdocs\test\spark(46): require('C:\\xampp\\htdocs...')
#4 {main}
CRITICAL - 2021-08-05 15:26:18 --> Uncaught Error: Call to undefined function CodeIgniter\CLI\mb_strpos() in C:\xampp\htdocs\test\system\CLI\CLI.php:884
Stack trace:
#0 C:\xampp\htdocs\test\system\CLI\CLI.php(164): CodeIgniter\CLI\CLI::parseCommandLine()
#1 C:\xampp\htdocs\test\system\CLI\CLI.php(1184): CodeIgniter\CLI\CLI::init()
#2 C:\xampp\htdocs\test\system\Autoloader\Autoloader.php(300): include_once('C:\\xampp\\htdocs...')
#3 C:\xampp\htdocs\test\system\Autoloader\Autoloader.php(273): CodeIgniter\Autoloader\Autoloader->includeFile('C:\\xampp\\htdocs...')
#4 C:\xampp\htdocs\test\system\Autoloader\Autoloader.php(247): CodeIgniter\Autoloader\Autoloader->loadInNamespace('CodeIgniter\\CLI...')
#5 C:\xampp\htdocs\test\app\Views\errors\cli\error_exception.php(6): CodeIgniter\Autoloader\Autoloader->loadClass('CodeIgniter\\CLI...')
#6 C:\xampp\htdocs\test\app\Views\errors\cli\production.php(5): include('C:\\xampp\\htdocs...')
#7 C:\xampp\htdocs\test\system\Debug\Exceptions.php(278): include('C:\\xampp\\htdocs...')
#8 C:\xampp\htdocs\test\system\Debug\Exceptions.php(147): CodeIgniter\Debug\Exceptions->render(Object(CodeIgniter\Exceptions\FrameworkException), 500)
#9 [internal function]: CodeIgniter\Debug\Exceptions->exceptionHandler(Object(CodeIgniter\Exceptions\FrameworkException))
#10 {main}
  thrown
#0 [internal function]: CodeIgniter\Debug\Exceptions->shutdownHandler()
#1 {main}
CRITICAL - 2021-08-05 17:31:07 --> The framework needs the following extension(s) installed and loaded: intl.
#0 C:\xampp\htdocs\test\system\CodeIgniter.php(228): CodeIgniter\Exceptions\FrameworkException::forMissingExtension('intl')
#1 C:\xampp\htdocs\test\system\CodeIgniter.php(180): CodeIgniter\CodeIgniter->resolvePlatformExtensions()
#2 C:\xampp\htdocs\test\system\bootstrap.php(157): CodeIgniter\CodeIgniter->initialize()
#3 C:\xampp\htdocs\test\public\index.php(28): require('C:\\xampp\\htdocs...')
#4 {main}
CRITICAL - 2021-08-05 17:31:32 --> The framework needs the following extension(s) installed and loaded: intl.
#0 C:\xampp\htdocs\test\system\CodeIgniter.php(228): CodeIgniter\Exceptions\FrameworkException::forMissingExtension('intl')
#1 C:\xampp\htdocs\test\system\CodeIgniter.php(180): CodeIgniter\CodeIgniter->resolvePlatformExtensions()
#2 C:\xampp\htdocs\test\system\bootstrap.php(157): CodeIgniter\CodeIgniter->initialize()
#3 C:\xampp\htdocs\test\public\index.php(28): require('C:\\xampp\\htdocs...')
#4 {main}
CRITICAL - 2021-08-05 17:31:34 --> The framework needs the following extension(s) installed and loaded: intl.
#0 C:\xampp\htdocs\test\system\CodeIgniter.php(228): CodeIgniter\Exceptions\FrameworkException::forMissingExtension('intl')
#1 C:\xampp\htdocs\test\system\CodeIgniter.php(180): CodeIgniter\CodeIgniter->resolvePlatformExtensions()
#2 C:\xampp\htdocs\test\system\bootstrap.php(157): CodeIgniter\CodeIgniter->initialize()
#3 C:\xampp\htdocs\test\public\index.php(28): require('C:\\xampp\\htdocs...')
#4 {main}
CRITICAL - 2021-08-05 17:33:33 --> The framework needs the following extension(s) installed and loaded: intl.
#0 C:\xampp\htdocs\test\system\CodeIgniter.php(228): CodeIgniter\Exceptions\FrameworkException::forMissingExtension('intl')
#1 C:\xampp\htdocs\test\system\CodeIgniter.php(180): CodeIgniter\CodeIgniter->resolvePlatformExtensions()
#2 C:\xampp\htdocs\test\system\bootstrap.php(157): CodeIgniter\CodeIgniter->initialize()
#3 C:\xampp\htdocs\test\public\index.php(28): require('C:\\xampp\\htdocs...')
#4 {main}
CRITICAL - 2021-08-05 17:33:57 --> The framework needs the following extension(s) installed and loaded: intl.
#0 C:\xampp\htdocs\test\system\CodeIgniter.php(228): CodeIgniter\Exceptions\FrameworkException::forMissingExtension('intl')
#1 C:\xampp\htdocs\test\system\CodeIgniter.php(180): CodeIgniter\CodeIgniter->resolvePlatformExtensions()
#2 C:\xampp\htdocs\test\system\bootstrap.php(157): CodeIgniter\CodeIgniter->initialize()
#3 C:\xampp\htdocs\test\public\index.php(28): require('C:\\xampp\\htdocs...')
#4 {main}
CRITICAL - 2021-08-05 17:37:31 --> The framework needs the following extension(s) installed and loaded: intl.
#0 C:\xampp\htdocs\test\system\CodeIgniter.php(228): CodeIgniter\Exceptions\FrameworkException::forMissingExtension('intl')
#1 C:\xampp\htdocs\test\system\CodeIgniter.php(180): CodeIgniter\CodeIgniter->resolvePlatformExtensions()
#2 C:\xampp\htdocs\test\system\bootstrap.php(157): CodeIgniter\CodeIgniter->initialize()
#3 C:\xampp\htdocs\test\public\index.php(28): require('C:\\xampp\\htdocs...')
#4 {main}
CRITICAL - 2021-08-05 17:51:53 --> The framework needs the following extension(s) installed and loaded: intl.
#0 C:\xampp\htdocs\test\system\CodeIgniter.php(228): CodeIgniter\Exceptions\FrameworkException::forMissingExtension('intl')
#1 C:\xampp\htdocs\test\system\CodeIgniter.php(180): CodeIgniter\CodeIgniter->resolvePlatformExtensions()
#2 C:\xampp\htdocs\test\system\bootstrap.php(157): CodeIgniter\CodeIgniter->initialize()
#3 C:\xampp\htdocs\test\public\index.php(28): require('C:\\xampp\\htdocs...')
#4 {main}
CRITICAL - 2021-08-05 17:52:18 --> The framework needs the following extension(s) installed and loaded: intl.
#0 C:\xampp\htdocs\test\system\CodeIgniter.php(228): CodeIgniter\Exceptions\FrameworkException::forMissingExtension('intl')
#1 C:\xampp\htdocs\test\system\CodeIgniter.php(180): CodeIgniter\CodeIgniter->resolvePlatformExtensions()
#2 C:\xampp\htdocs\test\system\bootstrap.php(157): CodeIgniter\CodeIgniter->initialize()
#3 C:\xampp\htdocs\test\public\index.php(28): require('C:\\xampp\\htdocs...')
#4 {main}
CRITICAL - 2021-08-05 17:57:04 --> The framework needs the following extension(s) installed and loaded: intl.
#0 C:\xampp\htdocs\test\system\CodeIgniter.php(228): CodeIgniter\Exceptions\FrameworkException::forMissingExtension('intl')
#1 C:\xampp\htdocs\test\system\CodeIgniter.php(180): CodeIgniter\CodeIgniter->resolvePlatformExtensions()
#2 C:\xampp\htdocs\test\system\bootstrap.php(157): CodeIgniter\CodeIgniter->initialize()
#3 C:\xampp\htdocs\test\public\index.php(28): require('C:\\xampp\\htdocs...')
#4 {main}
CRITICAL - 2021-08-05 17:57:07 --> The framework needs the following extension(s) installed and loaded: intl.
#0 C:\xampp\htdocs\test\system\CodeIgniter.php(228): CodeIgniter\Exceptions\FrameworkException::forMissingExtension('intl')
#1 C:\xampp\htdocs\test\system\CodeIgniter.php(180): CodeIgniter\CodeIgniter->resolvePlatformExtensions()
#2 C:\xampp\htdocs\test\system\bootstrap.php(157): CodeIgniter\CodeIgniter->initialize()
#3 C:\xampp\htdocs\test\public\index.php(28): require('C:\\xampp\\htdocs...')
#4 {main}
CRITICAL - 2021-08-05 18:23:44 --> The framework needs the following extension(s) installed and loaded: intl.
#0 C:\xampp\htdocs\test\system\CodeIgniter.php(228): CodeIgniter\Exceptions\FrameworkException::forMissingExtension('intl')
#1 C:\xampp\htdocs\test\system\CodeIgniter.php(180): CodeIgniter\CodeIgniter->resolvePlatformExtensions()
#2 C:\xampp\htdocs\test\system\bootstrap.php(157): CodeIgniter\CodeIgniter->initialize()
#3 C:\xampp\htdocs\test\public\index.php(28): require('C:\\xampp\\htdocs...')
#4 {main}
CRITICAL - 2021-08-05 18:23:46 --> The framework needs the following extension(s) installed and loaded: intl.
#0 C:\xampp\htdocs\test\system\CodeIgniter.php(228): CodeIgniter\Exceptions\FrameworkException::forMissingExtension('intl')
#1 C:\xampp\htdocs\test\system\CodeIgniter.php(180): CodeIgniter\CodeIgniter->resolvePlatformExtensions()
#2 C:\xampp\htdocs\test\system\bootstrap.php(157): CodeIgniter\CodeIgniter->initialize()
#3 C:\xampp\htdocs\test\public\index.php(28): require('C:\\xampp\\htdocs...')
#4 {main}
CRITICAL - 2021-08-05 18:25:35 --> The framework needs the following extension(s) installed and loaded: intl.
#0 C:\xampp\htdocs\test\system\CodeIgniter.php(228): CodeIgniter\Exceptions\FrameworkException::forMissingExtension('intl')
#1 C:\xampp\htdocs\test\system\CodeIgniter.php(180): CodeIgniter\CodeIgniter->resolvePlatformExtensions()
#2 C:\xampp\htdocs\test\system\bootstrap.php(157): CodeIgniter\CodeIgniter->initialize()
#3 C:\xampp\htdocs\test\public\index.php(28): require('C:\\xampp\\htdocs...')
#4 {main}
CRITICAL - 2021-08-05 18:25:36 --> The framework needs the following extension(s) installed and loaded: intl.
#0 C:\xampp\htdocs\test\system\CodeIgniter.php(228): CodeIgniter\Exceptions\FrameworkException::forMissingExtension('intl')
#1 C:\xampp\htdocs\test\system\CodeIgniter.php(180): CodeIgniter\CodeIgniter->resolvePlatformExtensions()
#2 C:\xampp\htdocs\test\system\bootstrap.php(157): CodeIgniter\CodeIgniter->initialize()
#3 C:\xampp\htdocs\test\public\index.php(28): require('C:\\xampp\\htdocs...')
#4 {main}
CRITICAL - 2021-08-05 18:27:37 --> The framework needs the following extension(s) installed and loaded: intl.
#0 C:\xampp\htdocs\test\system\CodeIgniter.php(228): CodeIgniter\Exceptions\FrameworkException::forMissingExtension('intl')
#1 C:\xampp\htdocs\test\system\CodeIgniter.php(180): CodeIgniter\CodeIgniter->resolvePlatformExtensions()
#2 C:\xampp\htdocs\test\system\bootstrap.php(157): CodeIgniter\CodeIgniter->initialize()
#3 C:\xampp\htdocs\test\public\index.php(28): require('C:\\xampp\\htdocs...')
#4 {main}
CRITICAL - 2021-08-05 18:27:38 --> The framework needs the following extension(s) installed and loaded: intl.
#0 C:\xampp\htdocs\test\system\CodeIgniter.php(228): CodeIgniter\Exceptions\FrameworkException::forMissingExtension('intl')
#1 C:\xampp\htdocs\test\system\CodeIgniter.php(180): CodeIgniter\CodeIgniter->resolvePlatformExtensions()
#2 C:\xampp\htdocs\test\system\bootstrap.php(157): CodeIgniter\CodeIgniter->initialize()
#3 C:\xampp\htdocs\test\public\index.php(28): require('C:\\xampp\\htdocs...')
#4 {main}
CRITICAL - 2021-08-05 18:27:38 --> The framework needs the following extension(s) installed and loaded: intl.
#0 C:\xampp\htdocs\test\system\CodeIgniter.php(228): CodeIgniter\Exceptions\FrameworkException::forMissingExtension('intl')
#1 C:\xampp\htdocs\test\system\CodeIgniter.php(180): CodeIgniter\CodeIgniter->resolvePlatformExtensions()
#2 C:\xampp\htdocs\test\system\bootstrap.php(157): CodeIgniter\CodeIgniter->initialize()
#3 C:\xampp\htdocs\test\public\index.php(28): require('C:\\xampp\\htdocs...')
#4 {main}
CRITICAL - 2021-08-05 18:27:39 --> The framework needs the following extension(s) installed and loaded: intl.
#0 C:\xampp\htdocs\test\system\CodeIgniter.php(228): CodeIgniter\Exceptions\FrameworkException::forMissingExtension('intl')
#1 C:\xampp\htdocs\test\system\CodeIgniter.php(180): CodeIgniter\CodeIgniter->resolvePlatformExtensions()
#2 C:\xampp\htdocs\test\system\bootstrap.php(157): CodeIgniter\CodeIgniter->initialize()
#3 C:\xampp\htdocs\test\public\index.php(28): require('C:\\xampp\\htdocs...')
#4 {main}
CRITICAL - 2021-08-05 18:27:39 --> The framework needs the following extension(s) installed and loaded: intl.
#0 C:\xampp\htdocs\test\system\CodeIgniter.php(228): CodeIgniter\Exceptions\FrameworkException::forMissingExtension('intl')
#1 C:\xampp\htdocs\test\system\CodeIgniter.php(180): CodeIgniter\CodeIgniter->resolvePlatformExtensions()
#2 C:\xampp\htdocs\test\system\bootstrap.php(157): CodeIgniter\CodeIgniter->initialize()
#3 C:\xampp\htdocs\test\public\index.php(28): require('C:\\xampp\\htdocs...')
#4 {main}
CRITICAL - 2021-08-05 18:27:45 --> The framework needs the following extension(s) installed and loaded: intl.
#0 C:\xampp\htdocs\test\system\CodeIgniter.php(228): CodeIgniter\Exceptions\FrameworkException::forMissingExtension('intl')
#1 C:\xampp\htdocs\test\system\CodeIgniter.php(180): CodeIgniter\CodeIgniter->resolvePlatformExtensions()
#2 C:\xampp\htdocs\test\system\bootstrap.php(157): CodeIgniter\CodeIgniter->initialize()
#3 C:\xampp\htdocs\test\public\index.php(28): require('C:\\xampp\\htdocs...')
#4 {main}
CRITICAL - 2021-08-05 12:14:11 --> Argument 2 passed to view() must be of the type array, string given, called in C:\xampp\htdocs\test\app\Controllers\Query.php on line 11
#0 C:\xampp\htdocs\test\app\Controllers\Query.php(11): view('query', 'hello')
#1 C:\xampp\htdocs\test\system\CodeIgniter.php(928): App\Controllers\Query->index()
#2 C:\xampp\htdocs\test\system\CodeIgniter.php(436): CodeIgniter\CodeIgniter->runController(Object(App\Controllers\Query))
#3 C:\xampp\htdocs\test\system\CodeIgniter.php(336): CodeIgniter\CodeIgniter->handleRequest(NULL, Object(Config\Cache), false)
#4 C:\xampp\htdocs\test\public\index.php(38): CodeIgniter\CodeIgniter->run()
#5 {main}
CRITICAL - 2021-08-05 12:14:13 --> Argument 2 passed to view() must be of the type array, string given, called in C:\xampp\htdocs\test\app\Controllers\Query.php on line 11
#0 C:\xampp\htdocs\test\app\Controllers\Query.php(11): view('query', 'hello')
#1 C:\xampp\htdocs\test\system\CodeIgniter.php(928): App\Controllers\Query->index()
#2 C:\xampp\htdocs\test\system\CodeIgniter.php(436): CodeIgniter\CodeIgniter->runController(Object(App\Controllers\Query))
#3 C:\xampp\htdocs\test\system\CodeIgniter.php(336): CodeIgniter\CodeIgniter->handleRequest(NULL, Object(Config\Cache), false)
#4 C:\xampp\htdocs\test\public\index.php(38): CodeIgniter\CodeIgniter->run()
#5 {main}
CRITICAL - 2021-08-05 12:15:11 --> Argument 2 passed to view() must be of the type array, string given, called in C:\xampp\htdocs\test\app\Controllers\Query.php on line 11
#0 C:\xampp\htdocs\test\app\Controllers\Query.php(11): view('query', 'hello')
#1 C:\xampp\htdocs\test\system\CodeIgniter.php(928): App\Controllers\Query->index()
#2 C:\xampp\htdocs\test\system\CodeIgniter.php(436): CodeIgniter\CodeIgniter->runController(Object(App\Controllers\Query))
#3 C:\xampp\htdocs\test\system\CodeIgniter.php(336): CodeIgniter\CodeIgniter->handleRequest(NULL, Object(Config\Cache), false)
#4 C:\xampp\htdocs\test\public\index.php(38): CodeIgniter\CodeIgniter->run()
#5 {main}
CRITICAL - 2021-08-05 12:15:44 --> Argument 2 passed to view() must be of the type array, string given, called in C:\xampp\htdocs\test\app\Controllers\Query.php on line 11
#0 C:\xampp\htdocs\test\app\Controllers\Query.php(11): view('query', 'hello')
#1 C:\xampp\htdocs\test\system\CodeIgniter.php(928): App\Controllers\Query->index()
#2 C:\xampp\htdocs\test\system\CodeIgniter.php(436): CodeIgniter\CodeIgniter->runController(Object(App\Controllers\Query))
#3 C:\xampp\htdocs\test\system\CodeIgniter.php(336): CodeIgniter\CodeIgniter->handleRequest(NULL, Object(Config\Cache), false)
#4 C:\xampp\htdocs\test\public\index.php(38): CodeIgniter\CodeIgniter->run()
#5 {main}
CRITICAL - 2021-08-05 12:29:56 --> syntax error, unexpected 'return' (T_RETURN)
#0 C:\xampp\htdocs\test\system\Router\Router.php(169): CodeIgniter\Router\Router->autoRoute('Query')
#1 C:\xampp\htdocs\test\system\CodeIgniter.php(809): CodeIgniter\Router\Router->handle('Query')
#2 C:\xampp\htdocs\test\system\CodeIgniter.php(389): CodeIgniter\CodeIgniter->tryToRouteIt(Object(CodeIgniter\Router\RouteCollection))
#3 C:\xampp\htdocs\test\system\CodeIgniter.php(336): CodeIgniter\CodeIgniter->handleRequest(NULL, Object(Config\Cache), false)
#4 C:\xampp\htdocs\test\public\index.php(38): CodeIgniter\CodeIgniter->run()
#5 {main}
CRITICAL - 2021-08-05 12:29:58 --> syntax error, unexpected 'return' (T_RETURN)
#0 C:\xampp\htdocs\test\system\Router\Router.php(169): CodeIgniter\Router\Router->autoRoute('Query')
#1 C:\xampp\htdocs\test\system\CodeIgniter.php(809): CodeIgniter\Router\Router->handle('Query')
#2 C:\xampp\htdocs\test\system\CodeIgniter.php(389): CodeIgniter\CodeIgniter->tryToRouteIt(Object(CodeIgniter\Router\RouteCollection))
#3 C:\xampp\htdocs\test\system\CodeIgniter.php(336): CodeIgniter\CodeIgniter->handleRequest(NULL, Object(Config\Cache), false)
#4 C:\xampp\htdocs\test\public\index.php(38): CodeIgniter\CodeIgniter->run()
#5 {main}
CRITICAL - 2021-08-05 12:29:59 --> syntax error, unexpected 'return' (T_RETURN)
#0 C:\xampp\htdocs\test\system\Router\Router.php(169): CodeIgniter\Router\Router->autoRoute('Query')
#1 C:\xampp\htdocs\test\system\CodeIgniter.php(809): CodeIgniter\Router\Router->handle('Query')
#2 C:\xampp\htdocs\test\system\CodeIgniter.php(389): CodeIgniter\CodeIgniter->tryToRouteIt(Object(CodeIgniter\Router\RouteCollection))
#3 C:\xampp\htdocs\test\system\CodeIgniter.php(336): CodeIgniter\CodeIgniter->handleRequest(NULL, Object(Config\Cache), false)
#4 C:\xampp\htdocs\test\public\index.php(38): CodeIgniter\CodeIgniter->run()
#5 {main}
CRITICAL - 2021-08-05 12:30:44 --> syntax error, unexpected 'return' (T_RETURN)
#0 C:\xampp\htdocs\test\system\Router\Router.php(169): CodeIgniter\Router\Router->autoRoute('Query')
#1 C:\xampp\htdocs\test\system\CodeIgniter.php(809): CodeIgniter\Router\Router->handle('Query')
#2 C:\xampp\htdocs\test\system\CodeIgniter.php(389): CodeIgniter\CodeIgniter->tryToRouteIt(Object(CodeIgniter\Router\RouteCollection))
#3 C:\xampp\htdocs\test\system\CodeIgniter.php(336): CodeIgniter\CodeIgniter->handleRequest(NULL, Object(Config\Cache), false)
#4 C:\xampp\htdocs\test\public\index.php(38): CodeIgniter\CodeIgniter->run()
#5 {main}
CRITICAL - 2021-08-05 12:38:00 --> json_encode() expects parameter 2 to be int, array given
#0 [internal function]: CodeIgniter\Debug\Exceptions->errorHandler(2, 'json_encode() e...', 'C:\\xampp\\htdocs...', 10, Array)
#1 C:\xampp\htdocs\test\app\Controllers\Query.php(10): json_encode(Array, Array)
#2 C:\xampp\htdocs\test\system\CodeIgniter.php(928): App\Controllers\Query->query('abc')
#3 C:\xampp\htdocs\test\system\CodeIgniter.php(436): CodeIgniter\CodeIgniter->runController(Object(App\Controllers\Query))
#4 C:\xampp\htdocs\test\system\CodeIgniter.php(336): CodeIgniter\CodeIgniter->handleRequest(NULL, Object(Config\Cache), false)
#5 C:\xampp\htdocs\test\public\index.php(38): CodeIgniter\CodeIgniter->run()
#6 {main}
CRITICAL - 2021-08-05 12:38:18 --> json_encode() expects parameter 2 to be int, array given
#0 [internal function]: CodeIgniter\Debug\Exceptions->errorHandler(2, 'json_encode() e...', 'C:\\xampp\\htdocs...', 10, Array)
#1 C:\xampp\htdocs\test\app\Controllers\Query.php(10): json_encode(Array, Array)
#2 C:\xampp\htdocs\test\system\CodeIgniter.php(928): App\Controllers\Query->a('abc')
#3 C:\xampp\htdocs\test\system\CodeIgniter.php(436): CodeIgniter\CodeIgniter->runController(Object(App\Controllers\Query))
#4 C:\xampp\htdocs\test\system\CodeIgniter.php(336): CodeIgniter\CodeIgniter->handleRequest(NULL, Object(Config\Cache), false)
#5 C:\xampp\htdocs\test\public\index.php(38): CodeIgniter\CodeIgniter->run()
#6 {main}
CRITICAL - 2021-08-05 12:39:30 --> json_encode() expects parameter 2 to be int, array given
#0 [internal function]: CodeIgniter\Debug\Exceptions->errorHandler(2, 'json_encode() e...', 'C:\\xampp\\htdocs...', 15, Array)
#1 C:\xampp\htdocs\test\app\Controllers\Query.php(15): json_encode(Array, Array)
#2 C:\xampp\htdocs\test\system\CodeIgniter.php(928): App\Controllers\Query->qr('abc')
#3 C:\xampp\htdocs\test\system\CodeIgniter.php(436): CodeIgniter\CodeIgniter->runController(Object(App\Controllers\Query))
#4 C:\xampp\htdocs\test\system\CodeIgniter.php(336): CodeIgniter\CodeIgniter->handleRequest(NULL, Object(Config\Cache), false)
#5 C:\xampp\htdocs\test\public\index.php(38): CodeIgniter\CodeIgniter->run()
#6 {main}
CRITICAL - 2021-08-05 12:39:43 --> json_encode() expects parameter 2 to be int, array given
#0 [internal function]: CodeIgniter\Debug\Exceptions->errorHandler(2, 'json_encode() e...', 'C:\\xampp\\htdocs...', 15, Array)
#1 C:\xampp\htdocs\test\app\Controllers\Query.php(15): json_encode(Array, Array)
#2 C:\xampp\htdocs\test\system\CodeIgniter.php(928): App\Controllers\Query->qr('abc')
#3 C:\xampp\htdocs\test\system\CodeIgniter.php(436): CodeIgniter\CodeIgniter->runController(Object(App\Controllers\Query))
#4 C:\xampp\htdocs\test\system\CodeIgniter.php(336): CodeIgniter\CodeIgniter->handleRequest(NULL, Object(Config\Cache), false)
#5 C:\xampp\htdocs\test\public\index.php(38): CodeIgniter\CodeIgniter->run()
#6 {main}
CRITICAL - 2021-08-05 12:40:22 --> json_encode() expects parameter 2 to be int, array given
#0 [internal function]: CodeIgniter\Debug\Exceptions->errorHandler(2, 'json_encode() e...', 'C:\\xampp\\htdocs...', 15, Array)
#1 C:\xampp\htdocs\test\app\Controllers\Query.php(15): json_encode(Array, Array)
#2 C:\xampp\htdocs\test\system\CodeIgniter.php(928): App\Controllers\Query->qr('abc')
#3 C:\xampp\htdocs\test\system\CodeIgniter.php(436): CodeIgniter\CodeIgniter->runController(Object(App\Controllers\Query))
#4 C:\xampp\htdocs\test\system\CodeIgniter.php(336): CodeIgniter\CodeIgniter->handleRequest(NULL, Object(Config\Cache), false)
#5 C:\xampp\htdocs\test\public\index.php(38): CodeIgniter\CodeIgniter->run()
#6 {main}
CRITICAL - 2021-08-05 12:43:25 --> utf8_encode() expects parameter 1 to be string, array given
#0 [internal function]: CodeIgniter\Debug\Exceptions->errorHandler(2, 'utf8_encode() e...', 'C:\\xampp\\htdocs...', 15, Array)
#1 C:\xampp\htdocs\test\app\Controllers\Query.php(15): utf8_encode(Array)
#2 C:\xampp\htdocs\test\system\CodeIgniter.php(928): App\Controllers\Query->qr('abc')
#3 C:\xampp\htdocs\test\system\CodeIgniter.php(436): CodeIgniter\CodeIgniter->runController(Object(App\Controllers\Query))
#4 C:\xampp\htdocs\test\system\CodeIgniter.php(336): CodeIgniter\CodeIgniter->handleRequest(NULL, Object(Config\Cache), false)
#5 C:\xampp\htdocs\test\public\index.php(38): CodeIgniter\CodeIgniter->run()
#6 {main}
